<?xml version="1.0" encoding="UTF-8"?>
<testng-results ignored="0" total="2" passed="2" failed="0" skipped="0">
  <reporter-output>
  </reporter-output>
  <suite started-at="2024-04-12T16:37:58 IST" name="Suite" finished-at="2024-04-12T16:38:08 IST" duration-ms="10136">
    <groups>
    </groups>
    <test started-at="2024-04-12T16:37:58 IST" name="chrome" finished-at="2024-04-12T16:38:07 IST" duration-ms="9340">
      <class name="com.amazon.testcases.Tes">
        <test-method is-config="true" signature="browserOpen(java.lang.String)[pri:0, instance:com.amazon.testcases.Tes@1ed4ae0f]" started-at="2024-04-12T16:37:58 IST" name="browserOpen" finished-at="2024-04-12T16:38:07 IST" duration-ms="9294" status="PASS">
          <params>
            <param index="0">
              <value>
                <![CDATA[firefox]]>
              </value>
            </param>
          </params>
          <reporter-output>
          </reporter-output>
        </test-method> <!-- browserOpen -->
        <test-method signature="m1()[pri:0, instance:com.amazon.testcases.Tes@1ed4ae0f]" started-at="2024-04-12T16:38:07 IST" name="m1" finished-at="2024-04-12T16:38:07 IST" duration-ms="6" status="PASS">
          <reporter-output>
          </reporter-output>
        </test-method> <!-- m1 -->
      </class> <!-- com.amazon.testcases.Tes -->
    </test> <!-- chrome -->
    <test started-at="2024-04-12T16:37:58 IST" name="firefox" finished-at="2024-04-12T16:38:08 IST" duration-ms="10136">
      <class name="com.amazon.testcases.Tes">
        <test-method is-config="true" signature="browserOpen(java.lang.String)[pri:0, instance:com.amazon.testcases.Tes@231f98ef]" started-at="2024-04-12T16:37:58 IST" name="browserOpen" finished-at="2024-04-12T16:38:08 IST" duration-ms="10093" status="PASS">
          <params>
            <param index="0">
              <value>
                <![CDATA[firefox]]>
              </value>
            </param>
          </params>
          <reporter-output>
          </reporter-output>
        </test-method> <!-- browserOpen -->
        <test-method signature="m1()[pri:0, instance:com.amazon.testcases.Tes@231f98ef]" started-at="2024-04-12T16:38:08 IST" name="m1" finished-at="2024-04-12T16:38:08 IST" duration-ms="4" status="PASS">
          <reporter-output>
          </reporter-output>
        </test-method> <!-- m1 -->
      </class> <!-- com.amazon.testcases.Tes -->
    </test> <!-- firefox -->
  </suite> <!-- Suite -->
</testng-results>
